Using pre-set license
Built from '2020.3/release' branch; Version is '2020.3.7f1 (dd97f2c94397) revision 14522354'; Using compiler version '192528614'; Build Type 'Release'
OS: 'Windows 10 Enterprise; OS build 18363.2094; Version 1909; 64bit' Language: 'en' Physical Memory: 32683 MB
BatchMode: 1, IsHumanControllingUs: 0, StartBugReporterOnCrash: 0, Is64bit: 1, IsPro: 0

 COMMAND LINE ARGUMENTS:
C:\Program Files\Unity\Editor\Unity.exe
-adb2
-batchMode
-noUpm
-name
AssetImportWorker0
-projectPath
C:/Users/anryan/Documents/GitHub/Timers_01
-logFile
Logs/AssetImportWorker0.log
-srvPort
64367
Successfully changed project path to: C:/Users/anryan/Documents/GitHub/Timers_01
C:/Users/anryan/Documents/GitHub/Timers_01
Using Asset Import Pipeline V2.
Refreshing native plugins compatible for Editor in 24.33 ms, found 0 plugins.
Preloading 0 native plugins for Editor in 0.00 ms.
Initialize engine version: 2020.3.7f1 (dd97f2c94397)
[Subsystems] Discovering subsystems at path C:/Program Files/Unity/Editor/Data/Resources/UnitySubsystems
[Subsystems] Discovering subsystems at path C:/Users/anryan/Documents/GitHub/Timers_01/Assets
GfxDevice: creating device client; threaded=0
Direct3D:
    Version:  Direct3D 11.0 [level 11.1]
    Renderer: NVIDIA GeForce GTX 980 (ID=0x13c0)
    Vendor:   
    VRAM:     4053 MB
    Driver:   26.21.14.3200
Initialize mono
Mono path[0] = 'C:/Program Files/Unity/Editor/Data/Managed'
Mono path[1] = 'C:/Program Files/Unity/Editor/Data/MonoBleedingEdge/lib/mono/unityjit'
Mono config path = 'C:/Program Files/Unity/Editor/Data/MonoBleedingEdge/etc'
Using monoOptions --debugger-agent=transport=dt_socket,embedding=1,server=y,suspend=n,address=127.0.0.1:56996
Begin MonoManager ReloadAssembly
Registering precompiled unity dll's ...
Register platform support module: C:/Program Files/Unity/Editor/Data/PlaybackEngines/WindowsStandaloneSupport/UnityEditor.WindowsStandalone.Extensions.dll
Registered in 0.001771 seconds.
Native extension for WindowsStandalone target not found
Refreshing native plugins compatible for Editor in 22.41 ms, found 0 plugins.
Preloading 0 native plugins for Editor in 0.00 ms.
Mono: successfully reloaded assembly
- Completed reload, in  1.264 seconds
Platform modules already initialized, skipping
Registering precompiled user dll's ...
Registered in 0.000834 seconds.
Begin MonoManager ReloadAssembly
Native extension for WindowsStandalone target not found
Refreshing native plugins compatible for Editor in 0.38 ms, found 0 plugins.
Preloading 0 native plugins for Editor in 0.00 ms.
Mono: successfully reloaded assembly
- Completed reload, in  0.870 seconds
Platform modules already initialized, skipping
========================================================================
Worker process is ready to serve import requests
Launched and connected shader compiler UnityShaderCompiler.exe after 0.09 seconds
Refreshing native plugins compatible for Editor in 0.38 ms, found 0 plugins.
Preloading 0 native plugins for Editor in 0.00 ms.
Unloading 1115 Unused Serialized files (Serialized files now loaded: 0)
System memory in use before: 57.0 MB.
System memory in use after: 57.1 MB.

Unloading 10 unused Assets to reduce memory usage. Loaded Objects now: 1557.
Total: 1.905700 ms (FindLiveObjects: 0.129600 ms CreateObjectMapping: 0.036000 ms MarkObjects: 1.633100 ms  DeleteObjects: 0.106000 ms)

========================================================================
Received Import Request.
  path: Assets
  artifactKey: Guid(00000000000000001000000000000000) Importer(815301076,1909f56bfc062723c751e8b465ee728b)
Start importing Assets using Guid(00000000000000001000000000000000) Importer(815301076,1909f56bfc062723c751e8b465ee728b)  -> (artifact id: '5f6a1853b736837ecfb0820a881449cb') in 0.005350 seconds
  Import took 0.007458 seconds .

========================================================================
Received Import Request.
  Time since last request: 6.821782 seconds.
  path: Assets/Scripts
  artifactKey: Guid(026938a46c254ac4792a413876227ff6) Importer(815301076,1909f56bfc062723c751e8b465ee728b)
Start importing Assets/Scripts using Guid(026938a46c254ac4792a413876227ff6) Importer(815301076,1909f56bfc062723c751e8b465ee728b)  -> (artifact id: 'ef18cdeaa154a82bb74c0f81d16e4ffb') in 0.003217 seconds
  Import took 0.005659 seconds .

========================================================================
Received Import Request.
  Time since last request: 23.176859 seconds.
  path: Assets/Scripts/ObjManager.cs
  artifactKey: Guid(604e719743773ee469a58fe32560bd72) Importer(815301076,1909f56bfc062723c751e8b465ee728b)
Start importing Assets/Scripts/ObjManager.cs using Guid(604e719743773ee469a58fe32560bd72) Importer(815301076,1909f56bfc062723c751e8b465ee728b)  -> (artifact id: '6f2372a695ef6f9c1dfdecb29288fd4d') in 0.042132 seconds
  Import took 0.044074 seconds .

========================================================================
Received Prepare
Registering precompiled user dll's ...
Registered in 0.000801 seconds.
Begin MonoManager ReloadAssembly
Native extension for WindowsStandalone target not found
Refreshing native plugins compatible for Editor in 0.20 ms, found 0 plugins.
Preloading 0 native plugins for Editor in 0.00 ms.
Mono: successfully reloaded assembly
- Completed reload, in  0.935 seconds
Platform modules already initialized, skipping
Refreshing native plugins compatible for Editor in 0.34 ms, found 0 plugins.
Preloading 0 native plugins for Editor in 0.00 ms.
Unloading 1111 Unused Serialized files (Serialized files now loaded: 0)
System memory in use before: 57.0 MB.
System memory in use after: 57.0 MB.

Unloading 5 unused Assets to reduce memory usage. Loaded Objects now: 1561.
Total: 3.555300 ms (FindLiveObjects: 0.244400 ms CreateObjectMapping: 0.153300 ms MarkObjects: 3.084400 ms  DeleteObjects: 0.071000 ms)

========================================================================
Received Prepare
Registering precompiled user dll's ...
Registered in 0.001136 seconds.
Begin MonoManager ReloadAssembly
Native extension for WindowsStandalone target not found
Refreshing native plugins compatible for Editor in 0.27 ms, found 0 plugins.
Preloading 0 native plugins for Editor in 0.00 ms.
Mono: successfully reloaded assembly
- Completed reload, in  0.811 seconds
Platform modules already initialized, skipping
Refreshing native plugins compatible for Editor in 0.33 ms, found 0 plugins.
Preloading 0 native plugins for Editor in 0.00 ms.
Unloading 1111 Unused Serialized files (Serialized files now loaded: 0)
System memory in use before: 57.0 MB.
System memory in use after: 57.1 MB.

Unloading 5 unused Assets to reduce memory usage. Loaded Objects now: 1564.
Total: 1.563200 ms (FindLiveObjects: 0.128400 ms CreateObjectMapping: 0.032100 ms MarkObjects: 1.343400 ms  DeleteObjects: 0.058200 ms)

========================================================================
Received Import Request.
  Time since last request: 1247.632175 seconds.
  path: Assets/Scripts/ObjManager.cs
  artifactKey: Guid(604e719743773ee469a58fe32560bd72) Importer(815301076,1909f56bfc062723c751e8b465ee728b)
Start importing Assets/Scripts/ObjManager.cs using Guid(604e719743773ee469a58fe32560bd72) Importer(815301076,1909f56bfc062723c751e8b465ee728b)  -> (artifact id: 'de61dae87830ca843c49fe3ba41623a4') in 0.004822 seconds
  Import took 0.007206 seconds .

========================================================================
Received Import Request.
  Time since last request: 38.129345 seconds.
  path: Assets/Prefabs
  artifactKey: Guid(f9a9bb6010d1b504d834b709b29eaccb) Importer(815301076,1909f56bfc062723c751e8b465ee728b)
Start importing Assets/Prefabs using Guid(f9a9bb6010d1b504d834b709b29eaccb) Importer(815301076,1909f56bfc062723c751e8b465ee728b)  -> (artifact id: '1535ecdf7252dc5e6f8b5602afcab7bb') in 0.003801 seconds
  Import took 0.006103 seconds .

========================================================================
Received Import Request.
  Time since last request: 3.041516 seconds.
  path: Assets/Prefabs/Cube.prefab
  artifactKey: Guid(20f65e59637721d42872b4d8176a3d6c) Importer(815301076,1909f56bfc062723c751e8b465ee728b)
Start importing Assets/Prefabs/Cube.prefab using Guid(20f65e59637721d42872b4d8176a3d6c) Importer(815301076,1909f56bfc062723c751e8b465ee728b)  -> (artifact id: '07c378103b6786565b8d581e77d62359') in 0.106185 seconds
  Import took 0.108345 seconds .

========================================================================
Received Import Request.
  Time since last request: 1.835322 seconds.
  path: Assets/Prefabs/Sphere.prefab
  artifactKey: Guid(c7607a8f74c7ac7489ae4359dcf9fe1b) Importer(815301076,1909f56bfc062723c751e8b465ee728b)
Start importing Assets/Prefabs/Sphere.prefab using Guid(c7607a8f74c7ac7489ae4359dcf9fe1b) Importer(815301076,1909f56bfc062723c751e8b465ee728b)  -> (artifact id: 'cc2452bb2c599a439046bff12ce17d17') in 0.012975 seconds
  Import took 0.015579 seconds .

========================================================================
Received Import Request.
  Time since last request: 0.010197 seconds.
  path: Assets/Prefabs/Sphere.prefab
  artifactKey: Guid(c7607a8f74c7ac7489ae4359dcf9fe1b) Importer(815301076,1909f56bfc062723c751e8b465ee728b)
Start importing Assets/Prefabs/Sphere.prefab using Guid(c7607a8f74c7ac7489ae4359dcf9fe1b) Importer(815301076,1909f56bfc062723c751e8b465ee728b)  -> (artifact id: 'cc2452bb2c599a439046bff12ce17d17') in 0.008636 seconds
  Import took 0.010849 seconds .

========================================================================
Received Import Request.
  Time since last request: 2.077288 seconds.
  path: Assets/Prefabs/Capsule.prefab
  artifactKey: Guid(39ce70dd1b1ca3347969bf06f21866bf) Importer(815301076,1909f56bfc062723c751e8b465ee728b)
Start importing Assets/Prefabs/Capsule.prefab using Guid(39ce70dd1b1ca3347969bf06f21866bf) Importer(815301076,1909f56bfc062723c751e8b465ee728b)  -> (artifact id: 'c8d3f44c9b3d893047dfa2f99360c886') in 0.011211 seconds
  Import took 0.014047 seconds .

========================================================================
Received Import Request.
  Time since last request: 0.011222 seconds.
  path: Assets/Prefabs/Capsule.prefab
  artifactKey: Guid(39ce70dd1b1ca3347969bf06f21866bf) Importer(815301076,1909f56bfc062723c751e8b465ee728b)
Start importing Assets/Prefabs/Capsule.prefab using Guid(39ce70dd1b1ca3347969bf06f21866bf) Importer(815301076,1909f56bfc062723c751e8b465ee728b)  -> (artifact id: 'c8d3f44c9b3d893047dfa2f99360c886') in 0.009253 seconds
  Import took 0.011465 seconds .

========================================================================
Received Import Request.
  Time since last request: 2.135558 seconds.
  path: Assets/Prefabs/Cylinder.prefab
  artifactKey: Guid(f33d986b4a19c8048979ce163f5c1cb7) Importer(815301076,1909f56bfc062723c751e8b465ee728b)
Start importing Assets/Prefabs/Cylinder.prefab using Guid(f33d986b4a19c8048979ce163f5c1cb7) Importer(815301076,1909f56bfc062723c751e8b465ee728b)  -> (artifact id: 'b0d31792e0a9030690ff510784903b97') in 0.009592 seconds
  Import took 0.011956 seconds .

========================================================================
Received Import Request.
  Time since last request: 0.010987 seconds.
  path: Assets/Prefabs/Cylinder.prefab
  artifactKey: Guid(f33d986b4a19c8048979ce163f5c1cb7) Importer(815301076,1909f56bfc062723c751e8b465ee728b)
Start importing Assets/Prefabs/Cylinder.prefab using Guid(f33d986b4a19c8048979ce163f5c1cb7) Importer(815301076,1909f56bfc062723c751e8b465ee728b)  -> (artifact id: 'b0d31792e0a9030690ff510784903b97') in 0.008759 seconds
  Import took 0.011085 seconds .

========================================================================
Received Import Request.
  Time since last request: 58.182436 seconds.
  path: Assets/Materials
  artifactKey: Guid(e26a1ae5c2e343a40a313d662ec7104f) Importer(815301076,1909f56bfc062723c751e8b465ee728b)
Start importing Assets/Materials using Guid(e26a1ae5c2e343a40a313d662ec7104f) Importer(815301076,1909f56bfc062723c751e8b465ee728b)  -> (artifact id: '198edca48f4d4ae7d1eacbc1d7463ebd') in 0.003727 seconds
  Import took 0.005714 seconds .

========================================================================
Received Import Request.
  Time since last request: 11.512260 seconds.
  path: Assets/Materials/New Material.mat
  artifactKey: Guid(9ebc7c189d77ed14cb6a86609d525ba3) Importer(815301076,1909f56bfc062723c751e8b465ee728b)
Start importing Assets/Materials/New Material.mat using Guid(9ebc7c189d77ed14cb6a86609d525ba3) Importer(815301076,1909f56bfc062723c751e8b465ee728b)  -> (artifact id: 'd3ea0f65e395842697c80492a399ec03') in 0.054479 seconds
  Import took 0.056716 seconds .

========================================================================
Received Import Request.
  Time since last request: 4.645700 seconds.
  path: Assets/Materials/New Material 1.mat
  artifactKey: Guid(7056be513b7433448861dff3f62ee6b6) Importer(815301076,1909f56bfc062723c751e8b465ee728b)
Start importing Assets/Materials/New Material 1.mat using Guid(7056be513b7433448861dff3f62ee6b6) Importer(815301076,1909f56bfc062723c751e8b465ee728b)  -> (artifact id: 'b49408f8ebbc83bc7ae6d2cbe039b6ae') in 0.031792 seconds
  Import took 0.034435 seconds .

========================================================================
Received Import Request.
  Time since last request: 4.728970 seconds.
  path: Assets/Materials/New Material 2.mat
  artifactKey: Guid(a9393ef6980aef94dbbb721f242567c9) Importer(815301076,1909f56bfc062723c751e8b465ee728b)
Start importing Assets/Materials/New Material 2.mat using Guid(a9393ef6980aef94dbbb721f242567c9) Importer(815301076,1909f56bfc062723c751e8b465ee728b)  -> (artifact id: 'c14b5cf08e135e6f2b5442352d28a2c8') in 0.011957 seconds
  Import took 0.014496 seconds .

========================================================================
Received Import Request.
  Time since last request: 4.321355 seconds.
  path: Assets/Materials/New Material 3.mat
  artifactKey: Guid(f8d52079114f15e4e90004a02292fce8) Importer(815301076,1909f56bfc062723c751e8b465ee728b)
Start importing Assets/Materials/New Material 3.mat using Guid(f8d52079114f15e4e90004a02292fce8) Importer(815301076,1909f56bfc062723c751e8b465ee728b)  -> (artifact id: '2be511c69931cc94cef3659966fb4c77') in 0.010694 seconds
  Import took 0.013302 seconds .

========================================================================
Received Import Request.
  Time since last request: 3.307938 seconds.
  path: Assets/Materials/New Material 4.mat
  artifactKey: Guid(40216ef253cd21b41b61293005b8d135) Importer(815301076,1909f56bfc062723c751e8b465ee728b)
Start importing Assets/Materials/New Material 4.mat using Guid(40216ef253cd21b41b61293005b8d135) Importer(815301076,1909f56bfc062723c751e8b465ee728b)  -> (artifact id: 'cb1c170521d46e24ff1085ed443cb12a') in 0.012686 seconds
  Import took 0.015465 seconds .

========================================================================
Received Import Request.
  Time since last request: 74.276341 seconds.
  path: Assets/Materials/MAT_Yellow.mat
  artifactKey: Guid(9ebc7c189d77ed14cb6a86609d525ba3) Importer(815301076,1909f56bfc062723c751e8b465ee728b)
Start importing Assets/Materials/MAT_Yellow.mat using Guid(9ebc7c189d77ed14cb6a86609d525ba3) Importer(815301076,1909f56bfc062723c751e8b465ee728b)  -> (artifact id: 'd0da3499817ad29a381dd9c9d396273f') in 0.012246 seconds
  Import took 0.015258 seconds .

========================================================================
Received Import Request.
  Time since last request: 7.684277 seconds.
  path: Assets/Materials/MAT_Green.mat
  artifactKey: Guid(40216ef253cd21b41b61293005b8d135) Importer(815301076,1909f56bfc062723c751e8b465ee728b)
Start importing Assets/Materials/MAT_Green.mat using Guid(40216ef253cd21b41b61293005b8d135) Importer(815301076,1909f56bfc062723c751e8b465ee728b)  -> (artifact id: 'd731d36219ef4e70838c03392724e408') in 0.010941 seconds
  Import took 0.013569 seconds .

========================================================================
Received Import Request.
  Time since last request: 6.435569 seconds.
  path: Assets/Materials/MAT_Pink.mat
  artifactKey: Guid(f8d52079114f15e4e90004a02292fce8) Importer(815301076,1909f56bfc062723c751e8b465ee728b)
Start importing Assets/Materials/MAT_Pink.mat using Guid(f8d52079114f15e4e90004a02292fce8) Importer(815301076,1909f56bfc062723c751e8b465ee728b)  -> (artifact id: '2bfa7218354f7b0a84669b0a54b7fa9e') in 0.013271 seconds
  Import took 0.015512 seconds .

========================================================================
Received Import Request.
  Time since last request: 5.780139 seconds.
  path: Assets/Materials/MAT_Blue.mat
  artifactKey: Guid(a9393ef6980aef94dbbb721f242567c9) Importer(815301076,1909f56bfc062723c751e8b465ee728b)
Start importing Assets/Materials/MAT_Blue.mat using Guid(a9393ef6980aef94dbbb721f242567c9) Importer(815301076,1909f56bfc062723c751e8b465ee728b)  -> (artifact id: '04c5a07cdecf017beb752b2527d31923') in 0.009974 seconds
  Import took 0.012226 seconds .

========================================================================
Received Import Request.
  Time since last request: 6.062938 seconds.
  path: Assets/Materials/MAT_White.mat
  artifactKey: Guid(7056be513b7433448861dff3f62ee6b6) Importer(815301076,1909f56bfc062723c751e8b465ee728b)
Start importing Assets/Materials/MAT_White.mat using Guid(7056be513b7433448861dff3f62ee6b6) Importer(815301076,1909f56bfc062723c751e8b465ee728b)  -> (artifact id: 'd6f94fd47ccf018b38c51086b3f90937') in 0.027356 seconds
  Import took 0.030021 seconds .

========================================================================
Received Prepare
Registering precompiled user dll's ...
Registered in 0.000810 seconds.
Begin MonoManager ReloadAssembly
Native extension for WindowsStandalone target not found
Refreshing native plugins compatible for Editor in 0.19 ms, found 0 plugins.
Preloading 0 native plugins for Editor in 0.00 ms.
Mono: successfully reloaded assembly
- Completed reload, in  0.788 seconds
Platform modules already initialized, skipping
Refreshing native plugins compatible for Editor in 0.22 ms, found 0 plugins.
Preloading 0 native plugins for Editor in 0.00 ms.
Unloading 1111 Unused Serialized files (Serialized files now loaded: 0)
System memory in use before: 60.5 MB.
System memory in use after: 60.6 MB.

Unloading 6 unused Assets to reduce memory usage. Loaded Objects now: 1611.
Total: 2.199700 ms (FindLiveObjects: 0.235500 ms CreateObjectMapping: 0.062100 ms MarkObjects: 1.805300 ms  DeleteObjects: 0.081500 ms)

========================================================================
Received Prepare
Registering precompiled user dll's ...
Registered in 0.000841 seconds.
Begin MonoManager ReloadAssembly
Native extension for WindowsStandalone target not found
Refreshing native plugins compatible for Editor in 0.21 ms, found 0 plugins.
Preloading 0 native plugins for Editor in 0.00 ms.
Mono: successfully reloaded assembly
- Completed reload, in  0.785 seconds
Platform modules already initialized, skipping
Refreshing native plugins compatible for Editor in 0.36 ms, found 0 plugins.
Preloading 0 native plugins for Editor in 0.00 ms.
Unloading 1111 Unused Serialized files (Serialized files now loaded: 0)
System memory in use before: 60.5 MB.
System memory in use after: 60.6 MB.

Unloading 5 unused Assets to reduce memory usage. Loaded Objects now: 1614.
Total: 2.141400 ms (FindLiveObjects: 0.262900 ms CreateObjectMapping: 0.093500 ms MarkObjects: 1.678300 ms  DeleteObjects: 0.105100 ms)

========================================================================
Received Prepare
Registering precompiled user dll's ...
Registered in 0.000782 seconds.
Begin MonoManager ReloadAssembly
Native extension for WindowsStandalone target not found
Refreshing native plugins compatible for Editor in 0.19 ms, found 0 plugins.
Preloading 0 native plugins for Editor in 0.00 ms.
Mono: successfully reloaded assembly
- Completed reload, in  0.803 seconds
Platform modules already initialized, skipping
Refreshing native plugins compatible for Editor in 0.38 ms, found 0 plugins.
Preloading 0 native plugins for Editor in 0.00 ms.
Unloading 1111 Unused Serialized files (Serialized files now loaded: 0)
System memory in use before: 60.5 MB.
System memory in use after: 60.6 MB.

Unloading 5 unused Assets to reduce memory usage. Loaded Objects now: 1617.
Total: 1.680500 ms (FindLiveObjects: 0.194600 ms CreateObjectMapping: 0.066000 ms MarkObjects: 1.344400 ms  DeleteObjects: 0.073900 ms)

========================================================================
Received Prepare
Registering precompiled user dll's ...
Registered in 0.000743 seconds.
Begin MonoManager ReloadAssembly
Native extension for WindowsStandalone target not found
Refreshing native plugins compatible for Editor in 0.19 ms, found 0 plugins.
Preloading 0 native plugins for Editor in 0.00 ms.
Mono: successfully reloaded assembly
- Completed reload, in  0.740 seconds
Platform modules already initialized, skipping
Refreshing native plugins compatible for Editor in 0.22 ms, found 0 plugins.
Preloading 0 native plugins for Editor in 0.00 ms.
Unloading 1111 Unused Serialized files (Serialized files now loaded: 0)
System memory in use before: 60.5 MB.
System memory in use after: 60.6 MB.

Unloading 5 unused Assets to reduce memory usage. Loaded Objects now: 1620.
Total: 2.018100 ms (FindLiveObjects: 0.197200 ms CreateObjectMapping: 0.034400 ms MarkObjects: 1.724500 ms  DeleteObjects: 0.060600 ms)

========================================================================
Received Prepare
Registering precompiled user dll's ...
Registered in 0.000849 seconds.
Begin MonoManager ReloadAssembly
Native extension for WindowsStandalone target not found
Refreshing native plugins compatible for Editor in 0.19 ms, found 0 plugins.
Preloading 0 native plugins for Editor in 0.00 ms.
Mono: successfully reloaded assembly
- Completed reload, in  0.820 seconds
Platform modules already initialized, skipping
Refreshing native plugins compatible for Editor in 0.34 ms, found 0 plugins.
Preloading 0 native plugins for Editor in 0.00 ms.
Unloading 1111 Unused Serialized files (Serialized files now loaded: 0)
System memory in use before: 60.6 MB.
System memory in use after: 60.6 MB.

Unloading 5 unused Assets to reduce memory usage. Loaded Objects now: 1623.
Total: 2.207700 ms (FindLiveObjects: 0.236400 ms CreateObjectMapping: 0.045300 ms MarkObjects: 1.861000 ms  DeleteObjects: 0.063400 ms)

========================================================================
Received Import Request.
  Time since last request: 2433.089126 seconds.
  path: ProjectSettings/TagManager.asset
  artifactKey: Guid(00000000000000003000000000000000) Importer(815301076,1909f56bfc062723c751e8b465ee728b)
Start importing ProjectSettings/TagManager.asset using Guid(00000000000000003000000000000000) Importer(815301076,1909f56bfc062723c751e8b465ee728b)  -> (artifact id: 'f0680538e3bf6205c8fcff5f1ca17e6d') in 0.017837 seconds
  Import took 0.020026 seconds .

========================================================================
Received Prepare
Registering precompiled user dll's ...
Registered in 0.001124 seconds.
Begin MonoManager ReloadAssembly
Native extension for WindowsStandalone target not found
Refreshing native plugins compatible for Editor in 0.25 ms, found 0 plugins.
Preloading 0 native plugins for Editor in 0.00 ms.
Mono: successfully reloaded assembly
- Completed reload, in  0.785 seconds
Platform modules already initialized, skipping
Refreshing native plugins compatible for Editor in 0.36 ms, found 0 plugins.
Preloading 0 native plugins for Editor in 0.00 ms.
Unloading 1111 Unused Serialized files (Serialized files now loaded: 0)
System memory in use before: 60.6 MB.
System memory in use after: 60.6 MB.

Unloading 6 unused Assets to reduce memory usage. Loaded Objects now: 1626.
Total: 1.686200 ms (FindLiveObjects: 0.173100 ms CreateObjectMapping: 0.033400 ms MarkObjects: 1.411100 ms  DeleteObjects: 0.066100 ms)

========================================================================
Received Prepare
Registering precompiled user dll's ...
Registered in 0.000851 seconds.
Begin MonoManager ReloadAssembly
Native extension for WindowsStandalone target not found
Refreshing native plugins compatible for Editor in 0.19 ms, found 0 plugins.
Preloading 0 native plugins for Editor in 0.00 ms.
Mono: successfully reloaded assembly
- Completed reload, in  0.775 seconds
Platform modules already initialized, skipping
Refreshing native plugins compatible for Editor in 0.19 ms, found 0 plugins.
Preloading 0 native plugins for Editor in 0.00 ms.
Unloading 1111 Unused Serialized files (Serialized files now loaded: 0)
System memory in use before: 60.6 MB.
System memory in use after: 60.6 MB.

Unloading 5 unused Assets to reduce memory usage. Loaded Objects now: 1629.
Total: 2.010900 ms (FindLiveObjects: 0.150500 ms CreateObjectMapping: 0.029700 ms MarkObjects: 1.725700 ms  DeleteObjects: 0.103900 ms)

========================================================================
Received Prepare
Registering precompiled user dll's ...
Registered in 0.001119 seconds.
Begin MonoManager ReloadAssembly
Native extension for WindowsStandalone target not found
Refreshing native plugins compatible for Editor in 0.20 ms, found 0 plugins.
Preloading 0 native plugins for Editor in 0.00 ms.
Mono: successfully reloaded assembly
- Completed reload, in  1.026 seconds
Platform modules already initialized, skipping
Refreshing native plugins compatible for Editor in 0.32 ms, found 0 plugins.
Preloading 0 native plugins for Editor in 0.00 ms.
Unloading 1111 Unused Serialized files (Serialized files now loaded: 0)
System memory in use before: 60.6 MB.
System memory in use after: 60.6 MB.

Unloading 5 unused Assets to reduce memory usage. Loaded Objects now: 1632.
Total: 1.881000 ms (FindLiveObjects: 0.224400 ms CreateObjectMapping: 0.062900 ms MarkObjects: 1.542600 ms  DeleteObjects: 0.049800 ms)

========================================================================
Received Prepare
Registering precompiled user dll's ...
Registered in 0.000752 seconds.
Begin MonoManager ReloadAssembly
Native extension for WindowsStandalone target not found
Refreshing native plugins compatible for Editor in 0.19 ms, found 0 plugins.
Preloading 0 native plugins for Editor in 0.00 ms.
Mono: successfully reloaded assembly
- Completed reload, in  0.758 seconds
Platform modules already initialized, skipping
Refreshing native plugins compatible for Editor in 0.19 ms, found 0 plugins.
Preloading 0 native plugins for Editor in 0.00 ms.
Unloading 1111 Unused Serialized files (Serialized files now loaded: 0)
System memory in use before: 60.6 MB.
System memory in use after: 60.7 MB.

Unloading 5 unused Assets to reduce memory usage. Loaded Objects now: 1635.
Total: 1.657100 ms (FindLiveObjects: 0.142700 ms CreateObjectMapping: 0.034100 ms MarkObjects: 1.396000 ms  DeleteObjects: 0.083300 ms)

========================================================================
Received Prepare
Registering precompiled user dll's ...
Registered in 0.000873 seconds.
Begin MonoManager ReloadAssembly
Native extension for WindowsStandalone target not found
Refreshing native plugins compatible for Editor in 0.19 ms, found 0 plugins.
Preloading 0 native plugins for Editor in 0.00 ms.
Mono: successfully reloaded assembly
- Completed reload, in  0.913 seconds
Platform modules already initialized, skipping
Refreshing native plugins compatible for Editor in 0.45 ms, found 0 plugins.
Preloading 0 native plugins for Editor in 0.00 ms.
Unloading 1111 Unused Serialized files (Serialized files now loaded: 0)
System memory in use before: 60.6 MB.
System memory in use after: 60.7 MB.

Unloading 5 unused Assets to reduce memory usage. Loaded Objects now: 1638.
Total: 1.924200 ms (FindLiveObjects: 0.188200 ms CreateObjectMapping: 0.075500 ms MarkObjects: 1.605700 ms  DeleteObjects: 0.052900 ms)

========================================================================
Received Prepare
Registering precompiled user dll's ...
Registered in 0.000849 seconds.
Begin MonoManager ReloadAssembly
Native extension for WindowsStandalone target not found
Refreshing native plugins compatible for Editor in 0.27 ms, found 0 plugins.
Preloading 0 native plugins for Editor in 0.00 ms.
Mono: successfully reloaded assembly
- Completed reload, in  1.005 seconds
Platform modules already initialized, skipping
Refreshing native plugins compatible for Editor in 0.36 ms, found 0 plugins.
Preloading 0 native plugins for Editor in 0.00 ms.
Unloading 1111 Unused Serialized files (Serialized files now loaded: 0)
System memory in use before: 60.6 MB.
System memory in use after: 60.7 MB.

Unloading 5 unused Assets to reduce memory usage. Loaded Objects now: 1641.
Total: 2.963200 ms (FindLiveObjects: 0.265200 ms CreateObjectMapping: 0.120300 ms MarkObjects: 2.517600 ms  DeleteObjects: 0.058100 ms)

========================================================================
Received Prepare
Registering precompiled user dll's ...
Registered in 0.000913 seconds.
Begin MonoManager ReloadAssembly
Native extension for WindowsStandalone target not found
Refreshing native plugins compatible for Editor in 0.28 ms, found 0 plugins.
Preloading 0 native plugins for Editor in 0.00 ms.
Mono: successfully reloaded assembly
- Completed reload, in  1.024 seconds
Platform modules already initialized, skipping
Refreshing native plugins compatible for Editor in 0.20 ms, found 0 plugins.
Preloading 0 native plugins for Editor in 0.00 ms.
Unloading 1111 Unused Serialized files (Serialized files now loaded: 0)
System memory in use before: 60.6 MB.
System memory in use after: 60.7 MB.

Unloading 5 unused Assets to reduce memory usage. Loaded Objects now: 1644.
Total: 1.783300 ms (FindLiveObjects: 0.151700 ms CreateObjectMapping: 0.036200 ms MarkObjects: 1.500100 ms  DeleteObjects: 0.094300 ms)

========================================================================
Received Prepare
Registering precompiled user dll's ...
Registered in 0.001371 seconds.
Begin MonoManager ReloadAssembly
Native extension for WindowsStandalone target not found
Refreshing native plugins compatible for Editor in 0.25 ms, found 0 plugins.
Preloading 0 native plugins for Editor in 0.00 ms.
Mono: successfully reloaded assembly
- Completed reload, in  1.052 seconds
Platform modules already initialized, skipping
Refreshing native plugins compatible for Editor in 0.32 ms, found 0 plugins.
Preloading 0 native plugins for Editor in 0.00 ms.
Unloading 1111 Unused Serialized files (Serialized files now loaded: 0)
System memory in use before: 60.6 MB.
System memory in use after: 60.7 MB.

Unloading 5 unused Assets to reduce memory usage. Loaded Objects now: 1647.
Total: 2.068200 ms (FindLiveObjects: 0.139300 ms CreateObjectMapping: 0.036700 ms MarkObjects: 1.845900 ms  DeleteObjects: 0.045000 ms)

========================================================================
Received Import Request.
  Time since last request: 2343.009333 seconds.
  path: Assets/Scripts/ObjManager.cs
  artifactKey: Guid(604e719743773ee469a58fe32560bd72) Importer(815301076,1909f56bfc062723c751e8b465ee728b)
Start importing Assets/Scripts/ObjManager.cs using Guid(604e719743773ee469a58fe32560bd72) Importer(815301076,1909f56bfc062723c751e8b465ee728b)  -> (artifact id: 'd21842cc2e37816fc1ce10930838863e') in 0.005442 seconds
  Import took 0.007836 seconds .

========================================================================
Received Import Request.
  Time since last request: 0.002239 seconds.
  path: Assets/Scripts/ObjManager.cs
  artifactKey: Guid(604e719743773ee469a58fe32560bd72) Importer(815301076,1909f56bfc062723c751e8b465ee728b)
Start importing Assets/Scripts/ObjManager.cs using Guid(604e719743773ee469a58fe32560bd72) Importer(815301076,1909f56bfc062723c751e8b465ee728b)  -> (artifact id: 'd21842cc2e37816fc1ce10930838863e') in 0.002717 seconds
  Import took 0.004700 seconds .

========================================================================
Received Prepare
Registering precompiled user dll's ...
Registered in 0.001121 seconds.
Begin MonoManager ReloadAssembly
Native extension for WindowsStandalone target not found
Refreshing native plugins compatible for Editor in 0.20 ms, found 0 plugins.
Preloading 0 native plugins for Editor in 0.00 ms.
Mono: successfully reloaded assembly
- Completed reload, in  0.788 seconds
Platform modules already initialized, skipping
Refreshing native plugins compatible for Editor in 0.20 ms, found 0 plugins.
Preloading 0 native plugins for Editor in 0.00 ms.
Unloading 1111 Unused Serialized files (Serialized files now loaded: 0)
System memory in use before: 60.6 MB.
System memory in use after: 60.7 MB.

Unloading 5 unused Assets to reduce memory usage. Loaded Objects now: 1650.
Total: 1.926300 ms (FindLiveObjects: 0.259700 ms CreateObjectMapping: 0.064800 ms MarkObjects: 1.549300 ms  DeleteObjects: 0.051000 ms)

========================================================================
Received Import Request.
  Time since last request: 453.297217 seconds.
  path: Assets/Scripts/ObjManager.cs
  artifactKey: Guid(604e719743773ee469a58fe32560bd72) Importer(815301076,1909f56bfc062723c751e8b465ee728b)
Start importing Assets/Scripts/ObjManager.cs using Guid(604e719743773ee469a58fe32560bd72) Importer(815301076,1909f56bfc062723c751e8b465ee728b)  -> (artifact id: '948ea48c906da78475ee02c1e8c3810b') in 0.004577 seconds
  Import took 0.007375 seconds .

AssetImportWorkerClient::OnTransportError - code=2 error=End of file
